<?xml version="1.0" encoding="UTF-8"?>
<!-- Generated by org.testng.reporters.JUnitReportReporter -->
<testsuite hostname="DESKTOP-JET7EDG" failures="0" tests="3" name="testCases.Inventory_Page_Test" time="26.790" errors="0" timestamp="2024-04-17T20:59:32 IST" skipped="0">
  <testcase classname="testCases.Inventory_Page_Test" name="add6ProductsTest" time="10.003"/>
  <system-out>
    <![CDATA[Total product added to the Cart = 6]]>
  </system-out>
  <testcase classname="testCases.Inventory_Page_Test" name="verifyTwitterLogo" time="7.367"/>
  <system-out>
    <![CDATA[Twitter Logo is Present = true]]>
  </system-out>
  <testcase classname="testCases.Inventory_Page_Test" name="remove2ProductsTest" time="9.420"/>
  <system-out>
    <![CDATA[Total product removed to the Cart = 4]]>
  </system-out>
</testsuite> <!-- testCases.Inventory_Page_Test -->
