<?xml version="1.0" encoding="UTF-8"?>
<!-- Generated by org.testng.reporters.JUnitReportReporter -->
<testsuite hostname="DESKTOP-JET7EDG" failures="0" tests="1" name="testCases.CartPageTest" time="8.745" errors="0" timestamp="2024-04-17T20:57:53 IST" skipped="0">
  <testcase classname="testCases.CartPageTest" name="verifyCartPageURLTest" time="8.745"/>
  <system-out>
    <![CDATA[The URL of Cart Page = https://www.saucedemo.com/cart.html]]>
  </system-out>
</testsuite> <!-- testCases.CartPageTest -->
