<?xml version="1.0" encoding="UTF-8"?>
<!-- Generated by org.testng.reporters.JUnitReportReporter -->
<testsuite hostname="DESKTOP-JET7EDG" failures="0" tests="3" name="testCases.LoginPageTest" time="9.958" errors="0" timestamp="2024-04-18T20:59:12 IST" skipped="2">
  <testcase classname="testCases.LoginPageTest" name="loginToApplicationTest" time="9.958"/>
  <system-out/>
  <testcase classname="testCases.LoginPageTest" name="verifyURLOfApplicationTest">
    <skipped/>
  </testcase> <!-- verifyURLOfApplicationTest -->
  <system-out/>
  <testcase classname="testCases.LoginPageTest" name="verifyTitleOfApplicationTest">
    <skipped/>
  </testcase> <!-- verifyTitleOfApplicationTest -->
  <system-out/>
</testsuite> <!-- testCases.LoginPageTest -->
