<?xml version="1.0" encoding="UTF-8"?>
<!-- Generated by org.testng.reporters.JUnitReportReporter -->
<testsuite hostname="DESKTOP-JET7EDG" failures="0" tests="1" name="testCases.CheckOutPage1Test" time="15.162" errors="0" timestamp="2024-04-17T20:57:53 IST" skipped="0">
  <testcase classname="testCases.CheckOutPage1Test" name="inputInfoTest" time="15.162"/>
  <system-out>
    <![CDATA[CheckOut Page 2 URL= https://www.saucedemo.com/checkout-step-two.html]]>
  </system-out>
</testsuite> <!-- testCases.CheckOutPage1Test -->
